c:\users\james\documents\visual studio 2017\projects\minjector\minject\blackbone\src\blackbone\win32\release\blackbone.pdb
c:\users\james\documents\visual studio 2017\projects\minjector\minject\blackbone\src\blackbone\win32\release\ldasm.obj
c:\users\james\documents\visual studio 2017\projects\minjector\minject\blackbone\src\blackbone\win32\release\containers.obj
c:\users\james\documents\visual studio 2017\projects\minjector\minject\blackbone\src\blackbone\win32\release\cputicks.obj
c:\users\james\documents\visual studio 2017\projects\minjector\minject\blackbone\src\blackbone\win32\release\vmem.obj
c:\users\james\documents\visual studio 2017\projects\minjector\minject\blackbone\src\blackbone\win32\release\x86inst.obj
c:\users\james\documents\visual studio 2017\projects\minjector\minject\blackbone\src\blackbone\win32\release\wow64ext.obj
c:\users\james\documents\visual studio 2017\projects\minjector\minject\blackbone\src\blackbone\win32\release\localhookbase.obj
c:\users\james\documents\visual studio 2017\projects\minjector\minject\blackbone\src\blackbone\win32\release\initonce.obj
c:\users\james\documents\visual studio 2017\projects\minjector\minject\blackbone\src\blackbone\win32\release\nameresolve.obj
c:\users\james\documents\visual studio 2017\projects\minjector\minject\blackbone\src\blackbone\win32\release\memblock.obj
c:\users\james\documents\visual studio 2017\projects\minjector\minject\blackbone\src\blackbone\win32\release\processmodules.obj
c:\users\james\documents\visual studio 2017\projects\minjector\minject\blackbone\src\blackbone\win32\release\remotememory.obj
c:\users\james\documents\visual studio 2017\projects\minjector\minject\blackbone\src\blackbone\win32\release\x86subsystem.obj
c:\users\james\documents\visual studio 2017\projects\minjector\minject\blackbone\src\blackbone\win32\release\assembler.obj
c:\users\james\documents\visual studio 2017\projects\minjector\minject\blackbone\src\blackbone\win32\release\globals.obj
c:\users\james\documents\visual studio 2017\projects\minjector\minject\blackbone\src\blackbone\win32\release\string.obj
c:\users\james\documents\visual studio 2017\projects\minjector\minject\blackbone\src\blackbone\win32\release\x86assembler.obj
c:\users\james\documents\visual studio 2017\projects\minjector\minject\blackbone\src\blackbone\win32\release\drivercontrol.obj
c:\users\james\documents\visual studio 2017\projects\minjector\minject\blackbone\src\blackbone\win32\release\mmap.obj
c:\users\james\documents\visual studio 2017\projects\minjector\minject\blackbone\src\blackbone\win32\release\utils.obj
c:\users\james\documents\visual studio 2017\projects\minjector\minject\blackbone\src\blackbone\win32\release\peimage.obj
c:\users\james\documents\visual studio 2017\projects\minjector\minject\blackbone\src\blackbone\win32\release\processmemory.obj
c:\users\james\documents\visual studio 2017\projects\minjector\minject\blackbone\src\blackbone\win32\release\remotelocalhook.obj
c:\users\james\documents\visual studio 2017\projects\minjector\minject\blackbone\src\blackbone\win32\release\nativesubsystem.obj
c:\users\james\documents\visual studio 2017\projects\minjector\minject\blackbone\src\blackbone\win32\release\constpool.obj
c:\users\james\documents\visual studio 2017\projects\minjector\minject\blackbone\src\blackbone\win32\release\error.obj
c:\users\james\documents\visual studio 2017\projects\minjector\minject\blackbone\src\blackbone\win32\release\runtime.obj
c:\users\james\documents\visual studio 2017\projects\minjector\minject\blackbone\src\blackbone\win32\release\x86cpuinfo.obj
c:\users\james\documents\visual studio 2017\projects\minjector\minject\blackbone\src\blackbone\win32\release\x86operand_regs.obj
c:\users\james\documents\visual studio 2017\projects\minjector\minject\blackbone\src\blackbone\win32\release\asmhelper64.obj
c:\users\james\documents\visual studio 2017\projects\minjector\minject\blackbone\src\blackbone\win32\release\mexcept.obj
c:\users\james\documents\visual studio 2017\projects\minjector\minject\blackbone\src\blackbone\win32\release\patternloader.obj
c:\users\james\documents\visual studio 2017\projects\minjector\minject\blackbone\src\blackbone\win32\release\imagenet.obj
c:\users\james\documents\visual studio 2017\projects\minjector\minject\blackbone\src\blackbone\win32\release\process.obj
c:\users\james\documents\visual studio 2017\projects\minjector\minject\blackbone\src\blackbone\win32\release\remotehook.obj
c:\users\james\documents\visual studio 2017\projects\minjector\minject\blackbone\src\blackbone\win32\release\threads.obj
c:\users\james\documents\visual studio 2017\projects\minjector\minject\blackbone\src\blackbone\win32\release\codegen.obj
c:\users\james\documents\visual studio 2017\projects\minjector\minject\blackbone\src\blackbone\win32\release\cpuinfo.obj
c:\users\james\documents\visual studio 2017\projects\minjector\minject\blackbone\src\blackbone\win32\release\operand.obj
c:\users\james\documents\visual studio 2017\projects\minjector\minject\blackbone\src\blackbone\win32\release\zone.obj
c:\users\james\documents\visual studio 2017\projects\minjector\minject\blackbone\src\blackbone\win32\release\x86operand.obj
c:\users\james\documents\visual studio 2017\projects\minjector\minject\blackbone\src\blackbone\win32\release\asmhelper32.obj
c:\users\james\documents\visual studio 2017\projects\minjector\minject\blackbone\src\blackbone\win32\release\tracehook.obj
c:\users\james\documents\visual studio 2017\projects\minjector\minject\blackbone\src\blackbone\win32\release\ntloader.obj
c:\users\james\documents\visual studio 2017\projects\minjector\minject\blackbone\src\blackbone\win32\release\patternsearch.obj
c:\users\james\documents\visual studio 2017\projects\minjector\minject\blackbone\src\blackbone\win32\release\processcore.obj
c:\users\james\documents\visual studio 2017\projects\minjector\minject\blackbone\src\blackbone\win32\release\remoteexec.obj
c:\users\james\documents\visual studio 2017\projects\minjector\minject\blackbone\src\blackbone\win32\release\thread.obj
c:\users\james\documents\visual studio 2017\projects\minjector\minject\blackbone\src\blackbone\win32\release\wow64subsystem.obj
c:\users\james\documents\visual studio 2017\projects\minjector\build\win32\release\blackbone.lib
c:\users\james\documents\visual studio 2017\projects\minjector\minject\blackbone\src\blackbone\win32\release\blackbone.tlog\cl.command.1.tlog
c:\users\james\documents\visual studio 2017\projects\minjector\minject\blackbone\src\blackbone\win32\release\blackbone.tlog\cl.read.1.tlog
c:\users\james\documents\visual studio 2017\projects\minjector\minject\blackbone\src\blackbone\win32\release\blackbone.tlog\cl.write.1.tlog
c:\users\james\documents\visual studio 2017\projects\minjector\minject\blackbone\src\blackbone\win32\release\blackbone.tlog\lib-link.read.1.tlog
c:\users\james\documents\visual studio 2017\projects\minjector\minject\blackbone\src\blackbone\win32\release\blackbone.tlog\lib-link.write.1.tlog
c:\users\james\documents\visual studio 2017\projects\minjector\minject\blackbone\src\blackbone\win32\release\blackbone.tlog\lib.command.1.tlog
